<?xml version="1.0" encoding="UTF-8"?>
<testng-results skipped="0" failed="0" ignored="0" total="1" passed="1">
  <reporter-output>
  </reporter-output>
  <suite name="Suite" duration-ms="31692" started-at="2020-12-23T02:40:30Z" finished-at="2020-12-23T02:41:02Z">
    <groups>
    </groups>
    <test name="Test" duration-ms="31692" started-at="2020-12-23T02:40:30Z" finished-at="2020-12-23T02:41:02Z">
      <class name="Test.TestLogin">
        <test-method status="PASS" signature="test1()[pri:0, instance:Test.TestLogin@5315b42e]" name="test1" duration-ms="31660" started-at="2020-12-23T08:10:30Z" finished-at="2020-12-23T08:11:02Z">
          <reporter-output>
          </reporter-output>
        </test-method> <!-- test1 -->
      </class> <!-- Test.TestLogin -->
    </test> <!-- Test -->
  </suite> <!-- Suite -->
</testng-results>
