<?xml version="1.0" encoding="UTF-8"?>
<testng-results skipped="0" failed="0" ignored="0" total="1" passed="1">
  <reporter-output>
  </reporter-output>
  <suite name="Suite" duration-ms="19475" started-at="2020-12-22T03:28:30Z" finished-at="2020-12-22T03:28:49Z">
    <groups>
    </groups>
    <test name="Test" duration-ms="19475" started-at="2020-12-22T03:28:30Z" finished-at="2020-12-22T03:28:49Z">
      <class name="Test.TestLogin">
        <test-method status="PASS" signature="test1()[pri:0, instance:Test.TestLogin@6cc4c815]" name="test1" duration-ms="19436" started-at="2020-12-22T08:58:30Z" finished-at="2020-12-22T08:58:49Z">
          <reporter-output>
          </reporter-output>
        </test-method> <!-- test1 -->
      </class> <!-- Test.TestLogin -->
    </test> <!-- Test -->
  </suite> <!-- Suite -->
</testng-results>
